Using pre-set license
Built from '2020.3/release' branch; Version is '2020.3.15f2 (6cf78cb77498) revision 7141260'; Using compiler version '192528614'; Build Type 'Release'
OS: 'Windows 10 Home Single Language; OS build 15063.413; Version 1703; 64bit' Language: 'es' Physical Memory: 7567 MB
BatchMode: 1, IsHumanControllingUs: 0, StartBugReporterOnCrash: 0, Is64bit: 1, IsPro: 0

 COMMAND LINE ARGUMENTS:
D:\EL UNITY\2020\Editor\Unity.exe
-adb2
-batchMode
-noUpm
-name
AssetImportWorker0
-projectPath
D:/EL UNITY/PROYECTOS/VH/VH
-logFile
Logs/AssetImportWorker0.log
-srvPort
62039
Successfully changed project path to: D:/EL UNITY/PROYECTOS/VH/VH
D:/EL UNITY/PROYECTOS/VH/VH
Using Asset Import Pipeline V2.
Refreshing native plugins compatible for Editor in 356.78 ms, found 2 plugins.
Preloading 0 native plugins for Editor in 0.00 ms.
Initialize engine version: 2020.3.15f2 (6cf78cb77498)
[Subsystems] Discovering subsystems at path D:/EL UNITY/2020/Editor/Data/Resources/UnitySubsystems
[Subsystems] Discovering subsystems at path D:/EL UNITY/PROYECTOS/VH/VH/Assets
GfxDevice: creating device client; threaded=0
Direct3D:
    Version:  Direct3D 11.0 [level 11.1]
    Renderer: AMD Radeon(TM) R5 Graphics (ID=0x98e4)
    Vendor:   
    VRAM:     500 MB
    Driver:   21.19.414.1792
Initialize mono
Mono path[0] = 'D:/EL UNITY/2020/Editor/Data/Managed'
Mono path[1] = 'D:/EL UNITY/2020/Editor/Data/MonoBleedingEdge/lib/mono/unityjit'
Mono config path = 'D:/EL UNITY/2020/Editor/Data/MonoBleedingEdge/etc'
Using monoOptions --debugger-agent=transport=dt_socket,embedding=1,server=y,suspend=n,address=127.0.0.1:56412
Begin MonoManager ReloadAssembly
Registering precompiled unity dll's ...
Register platform support module: D:/EL UNITY/2020/Editor/Data/PlaybackEngines/WindowsStandaloneSupport/UnityEditor.WindowsStandalone.Extensions.dll
Registered in 1.133633 seconds.
